<?xml version="1.0" encoding="UTF-8" standalone="no"?>
<testsuite errors="0" failures="1" name="io.cucumber.core.plugin.JUnitFormatter" skipped="0" tests="1" time="34.806">
    <testcase classname="kullanici fansuba gider yetkili ileiletişim kurar" name="kullanici yetkili ile iletişim kurar" time="34.177">
        <failure message="element not interactable&#10;  (Session info: chrome=102.0.5005.63)&#10;Build info: version: '4.1.3', revision: '7b1ebf28ef'&#10;System info: host: 'MY', ip: '192.168.8.103', os.name: 'Windows 11', os.arch: 'amd64', os.version: '10.0', java.version: '11.0.14'&#10;Driver info: org.openqa.selenium.chrome.ChromeDriver&#10;Command: [aabf6c79eb1be9e194b0bdebcfa4f956, clickElement {id=5a8dcf65-1ae8-454a-9712-46e920364303}]&#10;Capabilities {acceptInsecureCerts: false, browserName: chrome, browserVersion: 102.0.5005.63, chrome: {chromedriverVersion: 102.0.5005.61 (0e59bcc00cc4..., userDataDir: C:\Users\muhammed\AppData\L...}, goog:chromeOptions: {debuggerAddress: localhost:4611}, javascriptEnabled: true, networkConnectionEnabled: false, pageLoadStrategy: normal, platform: WINDOWS, platformName: WINDOWS, proxy: Proxy(), se:cdp: ws://localhost:4611/devtool..., se:cdpVersion: 102.0.5005.63, setWindowRect: true, strictFileInteractability: false, timeouts: {implicit: 0, pageLoad: 300000, script: 30000}, unhandledPromptBehavior: dismiss and notify, webauthn:extension:credBlob: true, webauthn:extension:largeBlob: true, webauthn:virtualAuthenticators: true}&#10;Element: [[ChromeDriver: chrome on WINDOWS (aabf6c79eb1be9e194b0bdebcfa4f956)] -&gt; xpath: //span[text()='İletişim']]&#10;Session ID: aabf6c79eb1be9e194b0bdebcfa4f956" type="org.openqa.selenium.ElementNotInteractableException">
            <![CDATA[Given kullanici "fuzuliSusbUrl" anasayfasinda...............................passed
And kullanici iletisim sekmesini tiklar.....................................failed
And Sayfa basliginin gorundugunu test eder..................................skipped
And gerekli bilgileri doldurduktan sonra mesajini yazar.....................skipped
And mesajini basarili bir sekilde gonderdigini test eder....................skipped
Then sayfayi kapatir........................................................skipped

StackTrace:
org.openqa.selenium.ElementNotInteractableException: element not interactable
  (Session info: chrome=102.0.5005.63)
Build info: version: '4.1.3', revision: '7b1ebf28ef'
System info: host: 'MY', ip: '192.168.8.103', os.name: 'Windows 11', os.arch: 'amd64', os.version: '10.0', java.version: '11.0.14'
Driver info: org.openqa.selenium.chrome.ChromeDriver
Command: [aabf6c79eb1be9e194b0bdebcfa4f956, clickElement {id=5a8dcf65-1ae8-454a-9712-46e920364303}]
Capabilities {acceptInsecureCerts: false, browserName: chrome, browserVersion: 102.0.5005.63, chrome: {chromedriverVersion: 102.0.5005.61 (0e59bcc00cc4..., userDataDir: C:\Users\muhammed\AppData\L...}, goog:chromeOptions: {debuggerAddress: localhost:4611}, javascriptEnabled: true, networkConnectionEnabled: false, pageLoadStrategy: normal, platform: WINDOWS, platformName: WINDOWS, proxy: Proxy(), se:cdp: ws://localhost:4611/devtool..., se:cdpVersion: 102.0.5005.63, setWindowRect: true, strictFileInteractability: false, timeouts: {implicit: 0, pageLoad: 300000, script: 30000}, unhandledPromptBehavior: dismiss and notify, webauthn:extension:credBlob: true, webauthn:extension:largeBlob: true, webauthn:virtualAuthenticators: true}
Element: [[ChromeDriver: chrome on WINDOWS (aabf6c79eb1be9e194b0bdebcfa4f956)] -> xpath: //span[text()='İletişim']]
Session ID: aabf6c79eb1be9e194b0bdebcfa4f956
	at java.base/jdk.internal.reflect.NativeConstructorAccessorImpl.newInstance0(Native Method)
	at java.base/jdk.internal.reflect.NativeConstructorAccessorImpl.newInstance(NativeConstructorAccessorImpl.java:62)
	at java.base/jdk.internal.reflect.DelegatingConstructorAccessorImpl.newInstance(DelegatingConstructorAccessorImpl.java:45)
	at java.base/java.lang.reflect.Constructor.newInstance(Constructor.java:490)
	at org.openqa.selenium.remote.codec.w3c.W3CHttpResponseCodec.createException(W3CHttpResponseCodec.java:200)
	at org.openqa.selenium.remote.codec.w3c.W3CHttpResponseCodec.decode(W3CHttpResponseCodec.java:133)
	at org.openqa.selenium.remote.codec.w3c.W3CHttpResponseCodec.decode(W3CHttpResponseCodec.java:53)
	at org.openqa.selenium.remote.HttpCommandExecutor.execute(HttpCommandExecutor.java:184)
	at org.openqa.selenium.remote.service.DriverCommandExecutor.invokeExecute(DriverCommandExecutor.java:167)
	at org.openqa.selenium.remote.service.DriverCommandExecutor.execute(DriverCommandExecutor.java:142)
	at org.openqa.selenium.remote.RemoteWebDriver.execute(RemoteWebDriver.java:567)
	at org.openqa.selenium.remote.RemoteWebElement.execute(RemoteWebElement.java:251)
	at org.openqa.selenium.remote.RemoteWebElement.click(RemoteWebElement.java:77)
	at java.base/jdk.internal.reflect.NativeMethodAccessorImpl.invoke0(Native Method)
	at java.base/jdk.internal.reflect.NativeMethodAccessorImpl.invoke(NativeMethodAccessorImpl.java:62)
	at java.base/jdk.internal.reflect.DelegatingMethodAccessorImpl.invoke(DelegatingMethodAccessorImpl.java:43)
	at java.base/java.lang.reflect.Method.invoke(Method.java:566)
	at org.openqa.selenium.support.pagefactory.internal.LocatingElementHandler.invoke(LocatingElementHandler.java:52)
	at com.sun.proxy.$Proxy23.click(Unknown Source)
	at stepDefinitions.FuzuliStepDefinition.kullanici_iletisim_sekmesini_tiklar(FuzuliStepDefinition.java:23)
	at ✽.kullanici iletisim sekmesini tiklar(file:///C:/Users/muhammed/IdeaProjects/com.myProjectsCucumber/src/test/resources/features/fuzuli.feature:6)
]]>
        </failure>
    </testcase>
</testsuite>
